#
# A fatal error has been detected by the Java Runtime Environment:
#
#  Internal Error (javaClasses.cpp:136), pid=4936, tid=4748
#  fatal error: Invalid layout of preloaded class
#
# JRE version:  (7.0_45-b18) (build )
# Java VM: Java HotSpot(TM) Client VM (24.45-b08 mixed mode windows-x86 )
# Failed to write core dump. Minidumps are not enabled by default on client versions of Windows
#
# If you would like to submit a bug report, please visit:
#   http://bugreport.sun.com/bugreport/crash.jsp
#

---------------  T H R E A D  ---------------

Current thread (0x002fbc00):  JavaThread "Unknown thread" [_thread_in_vm, id=4748, stack(0x022e0000,0x02330000)]

Stack: [0x022e0000,0x02330000],  sp=0x0232f9dc,  free space=318k
Native frames: (J=compiled Java code, j=interpreted, Vv=VM code, C=native code)
V  [jvm.dll+0x18df51]
V  [jvm.dll+0x187cc6]
V  [jvm.dll+0x3586a]
V  [jvm.dll+0x358f6]
V  [jvm.dll+0x4400d]
V  [jvm.dll+0x442be]
V  [jvm.dll+0x9263a]
V  [jvm.dll+0x929eb]
V  [jvm.dll+0x13daf1]
V  [jvm.dll+0x1605fc]
V  [jvm.dll+0xc8ebf]
C  [javaw.exe+0x13ce]
C  [javaw.exe+0x1e40]
C  [javaw.exe+0xa5b1]
C  [javaw.exe+0xa63b]
C  [kernel32.dll+0x1338a]
C  [ntdll.dll+0x39f72]
C  [ntdll.dll+0x39f45]


---------------  P R O C E S S  ---------------

Java Threads: ( => current thread )

Other Threads:

=>0x002fbc00 (exited) JavaThread "Unknown thread" [_thread_in_vm, id=4748, stack(0x022e0000,0x02330000)]

VM state:not at safepoint (not fully initialized)

VM Mutex/Monitor currently owned by a thread: None

GC Heap History (0 events):
No events

Deoptimization events (0 events):
No events

Internal exceptions (0 events):
No events

Events (10 events):
Event: 0.005 loading class 0x00392f90 done
Event: 0.005 loading class 0x00392a20 done
Event: 0.005 loading class 0x00392a00
Event: 0.006 loading class 0x00399d28
Event: 0.006 loading class 0x00399d28 done
Event: 0.006 loading class 0x00399d58
Event: 0.006 loading class 0x00399d58 done
Event: 0.006 loading class 0x00399d88
Event: 0.006 loading class 0x00399d88 done
Event: 0.006 loading class 0x00392a00 done


Dynamic libraries:
0x00310000 - 0x0033f000 	C:\Program Files (x86)\Java\jre7\bin\javaw.exe
0x77c70000 - 0x77df0000 	C:\Windows\SysWOW64\ntdll.dll
0x754a0000 - 0x755b0000 	C:\Windows\syswow64\kernel32.dll
0x76960000 - 0x769a7000 	C:\Windows\syswow64\KERNELBASE.dll
0x76b00000 - 0x76ba0000 	C:\Windows\syswow64\ADVAPI32.dll
0x768b0000 - 0x7695c000 	C:\Windows\syswow64\msvcrt.dll
0x76e60000 - 0x76e79000 	C:\Windows\SysWOW64\sechost.dll
0x75640000 - 0x75730000 	C:\Windows\syswow64\RPCRT4.dll
0x75330000 - 0x75390000 	C:\Windows\syswow64\SspiCli.dll
0x75320000 - 0x7532c000 	C:\Windows\syswow64\CRYPTBASE.dll
0x76c30000 - 0x76d30000 	C:\Windows\syswow64\USER32.dll
0x75390000 - 0x75420000 	C:\Windows\syswow64\GDI32.dll
0x76550000 - 0x7655a000 	C:\Windows\syswow64\LPK.dll
0x76dc0000 - 0x76e5d000 	C:\Windows\syswow64\USP10.dll
0x74090000 - 0x7422e000 	C:\Windows\WinSxS\x86_microsoft.windows.common-controls_6595b64144ccf1df_6.0.7601.17514_none_41e6975e2bd6f2b2\COMCTL32.dll
0x76380000 - 0x763d7000 	C:\Windows\syswow64\SHLWAPI.dll
0x76720000 - 0x76780000 	C:\Windows\system32\IMM32.DLL
0x76780000 - 0x7684c000 	C:\Windows\syswow64\MSCTF.dll
0x72f80000 - 0x72fac000 	C:\Windows\SysWOW64\nvinit.dll
0x0f000000 - 0x0f006000 	C:\Program Files (x86)\NVIDIA Corporation\CoProcManager\detoured.dll
0x72f00000 - 0x72f2b000 	C:\Program Files (x86)\NVIDIA Corporation\CoProcManager\nvd3d9wrap.dll
0x770d0000 - 0x7726d000 	C:\Windows\syswow64\SETUPAPI.dll
0x770a0000 - 0x770c7000 	C:\Windows\syswow64\CFGMGR32.dll
0x755b0000 - 0x7563f000 	C:\Windows\syswow64\OLEAUT32.dll
0x763e0000 - 0x7653c000 	C:\Windows\syswow64\ole32.dll
0x76e80000 - 0x76e92000 	C:\Windows\syswow64\DEVOBJ.dll
0x72ee0000 - 0x72eff000 	C:\Program Files (x86)\NVIDIA Corporation\CoProcManager\nvdxgiwrap.dll
0x74e50000 - 0x74f0f000 	C:\Program Files (x86)\Java\jre7\bin\msvcr100.dll
0x674d0000 - 0x67850000 	C:\Program Files (x86)\Java\jre7\bin\client\jvm.dll
0x74790000 - 0x74797000 	C:\Windows\system32\WSOCK32.dll
0x76860000 - 0x76895000 	C:\Windows\syswow64\WS2_32.dll
0x77c40000 - 0x77c46000 	C:\Windows\syswow64\NSI.dll
0x743f0000 - 0x74422000 	C:\Windows\system32\WINMM.dll
0x76850000 - 0x76855000 	C:\Windows\syswow64\PSAPI.DLL
0x692f0000 - 0x692fc000 	C:\Program Files (x86)\Java\jre7\bin\verify.dll
0x692d0000 - 0x692f0000 	C:\Program Files (x86)\Java\jre7\bin\java.dll
0x692b0000 - 0x692c3000 	C:\Program Files (x86)\Java\jre7\bin\zip.dll
0x74d60000 - 0x74e4b000 	C:\Windows\system32\dbghelp.dll

VM Arguments:
jvm_args: -Dfile.encoding=GBK -Xbootclasspath:D:\Documents\Downloads\adt-bundle-windows-x86-20130917.467161976\adt-bundle-windows-x86-20130917\sdk\platforms\android-18\android.jar 
java_command: com.example.drcom.test
Launcher Type: SUN_STANDARD

Environment Variables:
PATH=C:/Program Files (x86)/Java/jre7/bin/client;C:/Program Files (x86)/Java/jre7/bin;C:/Program Files (x86)/Java/jre7/lib/i386;C:\Python27\;C:\Python27\Scripts;C:\Windows\system32;C:\Windows;C:\Windows\System32\Wbem;C:\Windows\System32\WindowsPowerShell\v1.0\;D:\Documents\Downloads\adt-bundle-windows-x86-20130917.467161976\adt-bundle-windows-x86-20130917\eclipse;
USERNAME=Administrator
OS=Windows_NT
PROCESSOR_IDENTIFIER=Intel64 Family 6 Model 60 Stepping 3, GenuineIntel



---------------  S Y S T E M  ---------------

OS: Windows 7 , 64 bit Build 7601 Service Pack 1

CPU:total 8 (4 cores per cpu, 2 threads per core) family 6 model 60 stepping 3, cmov, cx8, fxsr, mmx, sse, sse2, sse3, ssse3, sse4.1, sse4.2, popcnt, avx, avx2, aes, erms, ht, tsc, tscinvbit

Memory: 4k page, physical 4109504k(1230548k free), swap 8217144k(5028060k free)

vm_info: Java HotSpot(TM) Client VM (24.45-b08) for windows-x86 JRE (1.7.0_45-b18), built on Oct  8 2013 06:02:43 by "java_re" with unknown MS VC++:1600

time: Thu May 21 07:23:35 2015
elapsed time: 0 seconds

